<?xml version="1.0" encoding="UTF-8"?>
<!-- Generated by org.testng.reporters.JUnitReportReporter -->
<testsuite hostname="IN-CGKRXM3" failures="0" tests="3" name="com.crm.qa.testcases.LoginPageTest" time="23.078" errors="0" timestamp="23 Dec 2022 06:58:26 GMT" skipped="0">
  <testcase classname="com.crm.qa.testcases.LoginPageTest" name="loginPageTitleTest" time="6.106"/>
  <testcase classname="com.crm.qa.testcases.LoginPageTest" name="crmLogoImageTest" time="4.417"/>
  <testcase classname="com.crm.qa.testcases.LoginPageTest" name="loginTest" time="12.555"/>
</testsuite> <!-- com.crm.qa.testcases.LoginPageTest -->
