<?xml version="1.0" encoding="UTF-8"?>
<!-- Generated by org.testng.reporters.JUnitReportReporter -->
<testsuite hostname="IN-CGKRXM3" failures="0" tests="4" name="com.crm.qa.testcases.ContactsPageTest" time="97.995" errors="0" timestamp="23 Dec 2022 09:44:47 GMT" skipped="0">
  <testcase classname="com.crm.qa.testcases.ContactsPageTest" name="createContact" time="24.049"/>
  <testcase classname="com.crm.qa.testcases.ContactsPageTest" name="createContact" time="23.885"/>
  <testcase classname="com.crm.qa.testcases.ContactsPageTest" name="createContact" time="25.084"/>
  <testcase classname="com.crm.qa.testcases.ContactsPageTest" name="verifyContactsPageLabel" time="24.977"/>
</testsuite> <!-- com.crm.qa.testcases.ContactsPageTest -->
