<?xml version="1.0" encoding="UTF-8"?>
<!-- Generated by org.testng.reporters.JUnitReportReporter -->
<testsuite hostname="IN-CGKRXM3" failures="0" tests="3" name="com.crm.qa.testcases.HomePageTest" time="43.931" errors="0" timestamp="23 Dec 2022 09:44:47 GMT" skipped="0">
  <testcase classname="com.crm.qa.testcases.HomePageTest" name="verifyHomePageTitleTest" time="12.759"/>
  <testcase classname="com.crm.qa.testcases.HomePageTest" name="verifyUserNameTest" time="14.019"/>
  <testcase classname="com.crm.qa.testcases.HomePageTest" name="verifyContactsLinkTest" time="17.153"/>
</testsuite> <!-- com.crm.qa.testcases.HomePageTest -->
