<?xml version="1.0" encoding="UTF-8"?>
<!-- Generated by org.testng.reporters.JUnitReportReporter -->
<testsuite hostname="IN-CGKRXM3" failures="0" tests="3" name="com.crm.qa.testcases.LoginPageTest" time="22.038" errors="0" timestamp="23 Dec 2022 09:44:47 GMT" skipped="0">
  <testcase classname="com.crm.qa.testcases.LoginPageTest" name="loginPageTitleTest" time="4.315"/>
  <testcase classname="com.crm.qa.testcases.LoginPageTest" name="crmLogoImageTest" time="5.222"/>
  <testcase classname="com.crm.qa.testcases.LoginPageTest" name="loginTest" time="12.501"/>
</testsuite> <!-- com.crm.qa.testcases.LoginPageTest -->
